c:\users\usaid\documents\kinect samples\colorbasics-d2d\debug\colorbasics.obj
c:\users\usaid\documents\kinect samples\colorbasics-d2d\debug\imagerenderer.obj
c:\users\usaid\documents\kinect samples\colorbasics-d2d\debug\vc110.pdb
c:\users\usaid\documents\kinect samples\colorbasics-d2d\debug\colorbasics-d2d.ilk
c:\users\usaid\documents\kinect samples\colorbasics-d2d\debug\colorbasics-d2d.exe
c:\users\usaid\documents\kinect samples\colorbasics-d2d\debug\colorbasics-d2d.pdb
c:\users\usaid\documents\visual studio 2013\projects\kinecttesting20\debug\colorbasics-d2d.ilk
c:\users\usaid\documents\visual studio 2013\projects\kinecttesting20\debug\colorbasics-d2d.exe
c:\users\usaid\documents\visual studio 2013\projects\kinecttesting20\debug\colorbasics-d2d.pdb
c:\users\usaid\documents\kinect samples\colorbasics-d2d\debug\colorbasics.res
c:\users\usaid\documents\kinect samples\colorbasics-d2d\debug\vc120.pdb
c:\users\usaid\documents\kinect samples\colorbasics-d2d\debug\vc120.idb
c:\users\usaid\documents\kinect samples\colorbasics-d2d\debug\vc140.pdb
c:\users\usaid\documents\kinect samples\colorbasics-d2d\debug\vc140.idb
c:\users\usaid\documents\kinect samples\colorbasics-d2d\debug\cl.command.1.tlog
c:\users\usaid\documents\kinect samples\colorbasics-d2d\debug\cl.read.1.tlog
c:\users\usaid\documents\kinect samples\colorbasics-d2d\debug\cl.write.1.tlog
c:\users\usaid\documents\kinect samples\colorbasics-d2d\debug\link-cvtres.read.1.tlog
c:\users\usaid\documents\kinect samples\colorbasics-d2d\debug\link-cvtres.write.1.tlog
c:\users\usaid\documents\kinect samples\colorbasics-d2d\debug\link-rc.read.1.tlog
c:\users\usaid\documents\kinect samples\colorbasics-d2d\debug\link-rc.write.1.tlog
c:\users\usaid\documents\kinect samples\colorbasics-d2d\debug\link.command.1.tlog
c:\users\usaid\documents\kinect samples\colorbasics-d2d\debug\link.read.1.tlog
c:\users\usaid\documents\kinect samples\colorbasics-d2d\debug\link.write.1.tlog
c:\users\usaid\documents\kinect samples\colorbasics-d2d\debug\rc.command.1.tlog
c:\users\usaid\documents\kinect samples\colorbasics-d2d\debug\rc.read.1.tlog
c:\users\usaid\documents\kinect samples\colorbasics-d2d\debug\rc.write.1.tlog
c:\users\usaid\documents\kinect samples\colorbasics-d2d\debug\vc110.idb
c:\users\usaid\documents\kinect samples\colorbasics-d2d\debug\colorbasics-d2d.tlog\cl.command.1.tlog
c:\users\usaid\documents\kinect samples\colorbasics-d2d\debug\colorbasics-d2d.tlog\cl.read.1.tlog
c:\users\usaid\documents\kinect samples\colorbasics-d2d\debug\colorbasics-d2d.tlog\cl.write.1.tlog
c:\users\usaid\documents\kinect samples\colorbasics-d2d\debug\colorbasics-d2d.tlog\link.command.1.tlog
c:\users\usaid\documents\kinect samples\colorbasics-d2d\debug\colorbasics-d2d.tlog\link.read.1.tlog
c:\users\usaid\documents\kinect samples\colorbasics-d2d\debug\colorbasics-d2d.tlog\link.write.1.tlog
c:\users\usaid\documents\kinect samples\colorbasics-d2d\debug\colorbasics-d2d.tlog\rc.command.1.tlog
c:\users\usaid\documents\kinect samples\colorbasics-d2d\debug\colorbasics-d2d.tlog\rc.read.1.tlog
c:\users\usaid\documents\kinect samples\colorbasics-d2d\debug\colorbasics-d2d.tlog\rc.write.1.tlog
